shard_size = 0 shard_count = 0
Seeding random numbers with system clock 
name: case value: true
Data::m_score_type WER
Data::Scorer type from Scorer: WER
Loading Data from: run1.scores.dat and run1.features.dat
loading feature data from run1.features.dat
loading score data from run1.scores.dat
Loading Data from: run2.scores.dat and run2.features.dat
loading feature data from run2.features.dat
loading score data from run2.scores.dat
Loading Data from: run3.scores.dat and run3.features.dat
loading feature data from run3.features.dat
loading score data from run3.scores.dat
Loading Data from: run4.scores.dat and run4.features.dat
loading feature data from run4.features.dat
loading score data from run4.scores.dat
Loading Data from: run5.scores.dat and run5.features.dat
loading feature data from run5.features.dat
loading score data from run5.scores.dat
Loading Data from: run6.scores.dat and run6.features.dat
loading feature data from run6.features.dat
loading score data from run6.scores.dat
Loading Data from: run7.scores.dat and run7.features.dat
loading feature data from run7.features.dat
loading score data from run7.scores.dat
Loading Data from: run8.scores.dat and run8.features.dat
loading feature data from run8.features.dat
loading score data from run8.scores.dat
Loading Data from: run9.scores.dat and run9.features.dat
loading feature data from run9.features.dat
loading score data from run9.scores.dat
Loading Data from: run10.scores.dat and run10.features.dat
loading feature data from run10.features.dat
loading score data from run10.scores.dat
Loading Data from: run11.scores.dat and run11.features.dat
loading feature data from run11.features.dat
loading score data from run11.scores.dat
Loading Data from: run12.scores.dat and run12.features.dat
loading feature data from run12.features.dat
loading score data from run12.scores.dat
Loading Data from: run13.scores.dat and run13.features.dat
loading feature data from run13.features.dat
loading score data from run13.scores.dat
Loading Data from: run14.scores.dat and run14.features.dat
loading feature data from run14.features.dat
loading score data from run14.scores.dat
Loading Data from: run15.scores.dat and run15.features.dat
loading feature data from run15.features.dat
loading score data from run15.scores.dat
Loading Data from: run16.scores.dat and run16.features.dat
loading feature data from run16.features.dat
loading score data from run16.scores.dat
Data loaded : [Wall 2.56593 CPU 2.52604] seconds.
Creating a pool of 1 threads
Best point: 0.161941 0.0518284 -0.075373 0.0497191 0.191863 -0.033225 0.420619 0.0154315  => 0.991303
Stopping... : [Wall 14.1877 CPU 14.1446] seconds.
