shard_size = 0 shard_count = 0
Seeding random numbers with system clock 
name: case value: true
Data::m_score_type WER
Data::Scorer type from Scorer: WER
Loading Data from: run1.scores.dat and run1.features.dat
loading feature data from run1.features.dat
loading score data from run1.scores.dat
Loading Data from: run2.scores.dat and run2.features.dat
loading feature data from run2.features.dat
loading score data from run2.scores.dat
Loading Data from: run3.scores.dat and run3.features.dat
loading feature data from run3.features.dat
loading score data from run3.scores.dat
Loading Data from: run4.scores.dat and run4.features.dat
loading feature data from run4.features.dat
loading score data from run4.scores.dat
Loading Data from: run5.scores.dat and run5.features.dat
loading feature data from run5.features.dat
loading score data from run5.scores.dat
Loading Data from: run6.scores.dat and run6.features.dat
loading feature data from run6.features.dat
loading score data from run6.scores.dat
Loading Data from: run7.scores.dat and run7.features.dat
loading feature data from run7.features.dat
loading score data from run7.scores.dat
Loading Data from: run8.scores.dat and run8.features.dat
loading feature data from run8.features.dat
loading score data from run8.scores.dat
Loading Data from: run9.scores.dat and run9.features.dat
loading feature data from run9.features.dat
loading score data from run9.scores.dat
Loading Data from: run10.scores.dat and run10.features.dat
loading feature data from run10.features.dat
loading score data from run10.scores.dat
Loading Data from: run11.scores.dat and run11.features.dat
loading feature data from run11.features.dat
loading score data from run11.scores.dat
Data loaded : [Wall 1.46154 CPU 1.44876] seconds.
Creating a pool of 1 threads
Best point: 0.153307 0.0498831 -0.05117 0.0400117 0.184663 -0.0388787 0.467234 0.0148523  => 0.991048
Stopping... : [Wall 13.011 CPU 12.9463] seconds.
